#! /usr/share/iverilog-0.10.0/bin/vvp
:ivl_version "0.10.0 (devel)" "(v0_9_6)";
:ivl_delay_selection "TYPICAL";
:vpi_time_precision - 9;
:vpi_module "system";
:vpi_module "vhdl_sys";
:vpi_module "v2005_math";
:vpi_module "va_math";
S_0x1b59020 .scope module, "tb_thermo_maj" "tb_thermo_maj" 2 5;
 .timescale -9 -9;
v0x1bbc710_0 .var "in1", 14 0;
v0x1bbc840_0 .var "in2", 14 0;
v0x1bbc950_0 .var "in3", 14 0;
v0x1bbca40_0 .var "in4", 14 0;
v0x1bbcb50_0 .net "out", 3 0, v0x1b571e0_0;  1 drivers
S_0x1b591a0 .scope module, "t" "thermo_maj" 2 10, 3 3 0, S_0x1b59020;
 .timescale -9 -9;
    .port_info 0 /INPUT 15 "in1"
    .port_info 1 /INPUT 15 "in2"
    .port_info 2 /INPUT 15 "in3"
    .port_info 3 /INPUT 15 "in4"
    .port_info 4 /OUTPUT 4 "out"
v0x1bbc180_0 .net "in1", 14 0, v0x1bbc710_0;  1 drivers
v0x1bbc260_0 .net "in2", 14 0, v0x1bbc840_0;  1 drivers
v0x1bbc330_0 .net "in3", 14 0, v0x1bbc950_0;  1 drivers
v0x1bbc430_0 .net "in4", 14 0, v0x1bbca40_0;  1 drivers
v0x1bbc500_0 .net "out", 3 0, v0x1b571e0_0;  alias, 1 drivers
v0x1bbc5a0_0 .net "thermo_out", 14 0, L_0x1bbd5c0;  1 drivers
S_0x1b57010 .scope module, "encoder0" "thermo_to_bin" 3 24, 4 3 0, S_0x1b591a0;
 .timescale -9 -9;
    .port_info 0 /INPUT 15 "thermo"
    .port_info 1 /OUTPUT 4 "bin"
v0x1b571e0_0 .var "bin", 3 0;
v0x1bbad50_0 .var/i "c", 31 0;
v0x1bbae30_0 .var/i "i", 31 0;
v0x1bbaf20_0 .net "thermo", 14 0, L_0x1bbd5c0;  alias, 1 drivers
E_0x1b57af0 .event edge, v0x1bbaf20_0;
S_0x1bbb060 .scope module, "maj0" "majority" 3 16, 5 3 0, S_0x1b591a0;
 .timescale -9 -9;
    .port_info 0 /INPUT 15 "in1"
    .port_info 1 /INPUT 15 "in2"
    .port_info 2 /INPUT 15 "in3"
    .port_info 3 /INPUT 15 "in4"
    .port_info 4 /OUTPUT 15 "out"
L_0x1bbccb0 .functor AND 15, v0x1bbc710_0, v0x1bbc840_0, C4<111111111111111>, C4<111111111111111>;
L_0x1bbcd40 .functor AND 15, v0x1bbc710_0, v0x1bbc950_0, C4<111111111111111>, C4<111111111111111>;
L_0x1bbce60 .functor OR 15, L_0x1bbccb0, L_0x1bbcd40, C4<000000000000000>, C4<000000000000000>;
L_0x1bbcf20 .functor AND 15, v0x1bbc710_0, v0x1bbca40_0, C4<111111111111111>, C4<111111111111111>;
L_0x1bbcf90 .functor OR 15, L_0x1bbce60, L_0x1bbcf20, C4<000000000000000>, C4<000000000000000>;
L_0x1bbd0a0 .functor AND 15, v0x1bbc840_0, v0x1bbc950_0, C4<111111111111111>, C4<111111111111111>;
L_0x1bbd270 .functor OR 15, L_0x1bbcf90, L_0x1bbd0a0, C4<000000000000000>, C4<000000000000000>;
L_0x1bbd2e0 .functor AND 15, v0x1bbc840_0, v0x1bbca40_0, C4<111111111111111>, C4<111111111111111>;
L_0x1bbd3e0 .functor OR 15, L_0x1bbd270, L_0x1bbd2e0, C4<000000000000000>, C4<000000000000000>;
L_0x1bbd4f0 .functor AND 15, v0x1bbc950_0, v0x1bbca40_0, C4<111111111111111>, C4<111111111111111>;
L_0x1bbd5c0 .functor OR 15, L_0x1bbd3e0, L_0x1bbd4f0, C4<000000000000000>, C4<000000000000000>;
v0x1bbb2e0_0 .net *"_s0", 14 0, L_0x1bbccb0;  1 drivers
v0x1bbb3c0_0 .net *"_s10", 14 0, L_0x1bbd0a0;  1 drivers
v0x1bbb4a0_0 .net *"_s12", 14 0, L_0x1bbd270;  1 drivers
v0x1bbb590_0 .net *"_s14", 14 0, L_0x1bbd2e0;  1 drivers
v0x1bbb670_0 .net *"_s16", 14 0, L_0x1bbd3e0;  1 drivers
v0x1bbb7a0_0 .net *"_s18", 14 0, L_0x1bbd4f0;  1 drivers
v0x1bbb880_0 .net *"_s2", 14 0, L_0x1bbcd40;  1 drivers
v0x1bbb960_0 .net *"_s4", 14 0, L_0x1bbce60;  1 drivers
v0x1bbba40_0 .net *"_s6", 14 0, L_0x1bbcf20;  1 drivers
v0x1bbbbb0_0 .net *"_s8", 14 0, L_0x1bbcf90;  1 drivers
v0x1bbbc90_0 .net "in1", 14 0, v0x1bbc710_0;  alias, 1 drivers
v0x1bbbd70_0 .net "in2", 14 0, v0x1bbc840_0;  alias, 1 drivers
v0x1bbbe50_0 .net "in3", 14 0, v0x1bbc950_0;  alias, 1 drivers
v0x1bbbf30_0 .net "in4", 14 0, v0x1bbca40_0;  alias, 1 drivers
v0x1bbc010_0 .net "out", 14 0, L_0x1bbd5c0;  alias, 1 drivers
    .scope S_0x1b57010;
T_0 ;
    %wait E_0x1b57af0;
    %set/v v0x1bbad50_0, 0, 32;
    %set/v v0x1bbae30_0, 0, 32;
T_0.0 ;
    %load/v 8, v0x1bbae30_0, 32;
    %cmpi/s 8, 15, 32;
    %jmp/0xz T_0.1, 5;
    %ix/getv/s 1, v0x1bbae30_0;
    %jmp/1 T_0.2, 4;
    %load/x1p 11, v0x1bbaf20_0, 1;
    %jmp T_0.3;
T_0.2 ;
    %mov 11, 2, 1;
T_0.3 ;
    %mov 8, 11, 1; Move signal select into place
    %pad 9, 0, 2;
    %cmpi/u 8, 1, 3;
    %jmp/0xz  T_0.4, 4;
    %ix/load 0, 1, 0;
    %load/vp0/s 8, v0x1bbad50_0, 32;
    %set/v v0x1bbad50_0, 8, 32;
T_0.4 ;
    %ix/load 0, 1, 0;
    %load/vp0/s 8, v0x1bbae30_0, 32;
    %set/v v0x1bbae30_0, 8, 32;
    %jmp T_0.0;
T_0.1 ;
    %load/v 8, v0x1bbad50_0, 32;
    %set/v v0x1b571e0_0, 8, 4;
    %jmp T_0;
    .thread T_0, $push;
    .scope S_0x1b59020;
T_1 ;
    %movi 8, 1, 15;
    %set/v v0x1bbc710_0, 8, 15;
    %movi 8, 3, 15;
    %set/v v0x1bbc840_0, 8, 15;
    %movi 8, 15, 15;
    %set/v v0x1bbc950_0, 8, 15;
    %set/v v0x1bbca40_0, 1, 15;
    %delay 10, 0;
    %load/v 8, v0x1bbcb50_0, 4;
    %cmpi/u 8, 4, 4;
    %jmp/0xz  T_1.0, 4;
    %vpi_call 2 30 "$display", "Second largest module gives = %4b : Correct", v0x1bbcb50_0 {0 0};
    %jmp T_1.1;
T_1.0 ;
    %vpi_call 2 32 "$display", "Second largest module gives = %4b : Incorrect", v0x1bbcb50_0 {0 0};
T_1.1 ;
    %movi 8, 1, 15;
    %set/v v0x1bbc710_0, 8, 15;
    %movi 8, 3, 15;
    %set/v v0x1bbc840_0, 8, 15;
    %movi 8, 1, 15;
    %set/v v0x1bbc950_0, 8, 15;
    %movi 8, 7, 15;
    %set/v v0x1bbca40_0, 8, 15;
    %delay 10, 0;
    %load/v 8, v0x1bbcb50_0, 4;
    %cmpi/u 8, 2, 4;
    %jmp/0xz  T_1.2, 4;
    %vpi_call 2 44 "$display", "Second largest module gives = %4b : Correct", v0x1bbcb50_0 {0 0};
    %jmp T_1.3;
T_1.2 ;
    %vpi_call 2 46 "$display", "Second largest module gives = %4b : Incorrect", v0x1bbcb50_0 {0 0};
T_1.3 ;
    %movi 8, 511, 15;
    %set/v v0x1bbc710_0, 8, 15;
    %movi 8, 511, 15;
    %set/v v0x1bbc840_0, 8, 15;
    %movi 8, 511, 15;
    %set/v v0x1bbc950_0, 8, 15;
    %movi 8, 7, 15;
    %set/v v0x1bbca40_0, 8, 15;
    %delay 10, 0;
    %load/v 8, v0x1bbcb50_0, 4;
    %cmpi/u 8, 9, 4;
    %jmp/0xz  T_1.4, 4;
    %vpi_call 2 58 "$display", "Second largest module gives = %4b : Correct", v0x1bbcb50_0 {0 0};
    %jmp T_1.5;
T_1.4 ;
    %vpi_call 2 60 "$display", "Second largest module gives = %4b : Incorrect", v0x1bbcb50_0 {0 0};
T_1.5 ;
    %movi 8, 127, 15;
    %set/v v0x1bbc710_0, 8, 15;
    %movi 8, 1023, 15;
    %set/v v0x1bbc840_0, 8, 15;
    %movi 8, 2047, 15;
    %set/v v0x1bbc950_0, 8, 15;
    %set/v v0x1bbca40_0, 0, 15;
    %delay 10, 0;
    %load/v 8, v0x1bbcb50_0, 4;
    %cmpi/u 8, 10, 4;
    %jmp/0xz  T_1.6, 4;
    %vpi_call 2 72 "$display", "Second largest module gives = %4b : Correct", v0x1bbcb50_0 {0 0};
    %jmp T_1.7;
T_1.6 ;
    %vpi_call 2 74 "$display", "Second largest module gives = %4b : Incorrect", v0x1bbcb50_0 {0 0};
T_1.7 ;
    %movi 8, 3, 15;
    %set/v v0x1bbc710_0, 8, 15;
    %movi 8, 3, 15;
    %set/v v0x1bbc840_0, 8, 15;
    %movi 8, 3, 15;
    %set/v v0x1bbc950_0, 8, 15;
    %movi 8, 3, 15;
    %set/v v0x1bbca40_0, 8, 15;
    %delay 10, 0;
    %load/v 8, v0x1bbcb50_0, 4;
    %cmpi/u 8, 2, 4;
    %jmp/0xz  T_1.8, 4;
    %vpi_call 2 86 "$display", "Second largest module gives = %4b : Correct", v0x1bbcb50_0 {0 0};
    %jmp T_1.9;
T_1.8 ;
    %vpi_call 2 88 "$display", "Second largest module gives = %4b : Incorrect", v0x1bbcb50_0 {0 0};
T_1.9 ;
    %set/v v0x1bbc710_0, 1, 15;
    %set/v v0x1bbc840_0, 1, 15;
    %set/v v0x1bbc950_0, 1, 15;
    %set/v v0x1bbca40_0, 1, 15;
    %delay 10, 0;
    %load/v 8, v0x1bbcb50_0, 4;
    %cmpi/u 8, 15, 4;
    %jmp/0xz  T_1.10, 4;
    %vpi_call 2 100 "$display", "Second largest module gives = %4b : Correct", v0x1bbcb50_0 {0 0};
    %jmp T_1.11;
T_1.10 ;
    %vpi_call 2 102 "$display", "Second largest module gives = %4b : Incorrect", v0x1bbcb50_0 {0 0};
T_1.11 ;
    %set/v v0x1bbc710_0, 0, 15;
    %set/v v0x1bbc840_0, 0, 15;
    %set/v v0x1bbc950_0, 0, 15;
    %set/v v0x1bbca40_0, 0, 15;
    %delay 10, 0;
    %load/v 8, v0x1bbcb50_0, 4;
    %cmpi/u 8, 0, 4;
    %jmp/0xz  T_1.12, 4;
    %vpi_call 2 114 "$display", "Second largest module gives = %4b : Correct", v0x1bbcb50_0 {0 0};
    %jmp T_1.13;
T_1.12 ;
    %vpi_call 2 116 "$display", "Second largest module gives = %4b : Incorrect", v0x1bbcb50_0 {0 0};
T_1.13 ;
    %movi 8, 1, 15;
    %set/v v0x1bbc710_0, 8, 15;
    %movi 8, 1, 15;
    %set/v v0x1bbc840_0, 8, 15;
    %movi 8, 1, 15;
    %set/v v0x1bbc950_0, 8, 15;
    %movi 8, 7, 15;
    %set/v v0x1bbca40_0, 8, 15;
    %delay 10, 0;
    %load/v 8, v0x1bbcb50_0, 4;
    %cmpi/u 8, 1, 4;
    %jmp/0xz  T_1.14, 4;
    %vpi_call 2 128 "$display", "Second largest module gives = %4b : Correct", v0x1bbcb50_0 {0 0};
    %jmp T_1.15;
T_1.14 ;
    %vpi_call 2 130 "$display", "Second largest module gives = %4b : Incorrect", v0x1bbcb50_0 {0 0};
T_1.15 ;
    %movi 8, 1, 15;
    %set/v v0x1bbc710_0, 8, 15;
    %movi 8, 1, 15;
    %set/v v0x1bbc840_0, 8, 15;
    %movi 8, 3, 15;
    %set/v v0x1bbc950_0, 8, 15;
    %movi 8, 3, 15;
    %set/v v0x1bbca40_0, 8, 15;
    %delay 10, 0;
    %load/v 8, v0x1bbcb50_0, 4;
    %cmpi/u 8, 0, 4;
    %jmp/0xz  T_1.16, 4;
    %vpi_call 2 142 "$display", "Second largest module gives = %4b : Correct", v0x1bbcb50_0 {0 0};
    %jmp T_1.17;
T_1.16 ;
    %vpi_call 2 144 "$display", "Second largest module gives = %4b : Incorrect", v0x1bbcb50_0 {0 0};
T_1.17 ;
    %end;
    .thread T_1;
# The file index is used to find the file name in the following table.
:file_names 6;
    "N/A";
    "<interactive>";
    "./tb_thermo_maj.v";
    "./thermo_maj.v";
    "./thermo_to_bin.v";
    "./majority.v";
